

25/06/2021 07:58:53.697 - [WARNING] - User with max privilege key is empty or the given key is not found in the user configurations


25/06/2021 07:58:54.012 - [INFO] - 
*****Executing get_portal.xlsx*****


25/06/2021 07:58:54.012 - [INFO] - Sheet number is 1 and goes by the name Sheet1


25/06/2021 07:58:54.039 - [INFO] - ...0


25/06/2021 07:58:54.684 - [INFO] - get_portal_001...Pass


25/06/2021 07:58:54.715 - [INFO] - get_portal_002...Pass


25/06/2021 07:58:54.744 - [INFO] - get_portal_003...Pass


25/06/2021 07:58:54.773 - [INFO] - get_portal_004...Pass


25/06/2021 07:58:54.800 - [INFO] - get_portal_005...Pass


25/06/2021 07:58:54.839 - [INFO] - 
*****Executing ESM_status.xlsx*****


25/06/2021 07:58:54.840 - [INFO] - Sheet number is 1 and goes by the name add


25/06/2021 07:58:54.849 - [INFO] - ...0


25/06/2021 07:58:55.125 - [INFO] - add_status_004...Pass


25/06/2021 07:58:55.191 - [INFO] - add_status_005...Pass


25/06/2021 07:58:55.248 - [INFO] - add_status_006...Pass


25/06/2021 07:58:55.319 - [INFO] - add_status_007...Pass


25/06/2021 07:58:55.372 - [INFO] - add_status_008...Pass


25/06/2021 07:58:55.425 - [INFO] - add_status_009...Pass


25/06/2021 07:58:55.502 - [INFO] - add_status_010...Pass


25/06/2021 07:58:55.559 - [INFO] - add_status_011...Pass


25/06/2021 07:58:55.612 - [INFO] - add_status_012...Pass


25/06/2021 07:58:55.665 - [INFO] - temp_add_status_002...Pass


25/06/2021 07:58:55.722 - [INFO] - temp_add_status_003...Pass


25/06/2021 07:58:55.775 - [INFO] - temp_add_status_004...Pass


25/06/2021 07:58:55.803 - [INFO] - temp_add_status_005...Pass


25/06/2021 07:58:55.855 - [INFO] - temp_add_status_006...Pass


25/06/2021 07:58:55.917 - [INFO] - temp_add_status_007...Pass


25/06/2021 07:58:55.967 - [INFO] - add_status_001...Pass


25/06/2021 07:58:55.971 - [INFO] - Sheet number is 2 and goes by the name edit


25/06/2021 07:58:56.024 - [INFO] - edit_status_005...Pass


25/06/2021 07:58:56.066 - [INFO] - edit_status_006...Pass


25/06/2021 07:58:56.111 - [INFO] - edit_status_007...Pass


25/06/2021 07:58:56.177 - [INFO] - temp_edit_status_002...Pass


25/06/2021 07:58:56.240 - [INFO] - temp_edit_status_003...Pass


25/06/2021 07:58:56.301 - [INFO] - temp_edit_status_004...Pass


25/06/2021 07:58:56.335 - [INFO] - temp_edit_status_005...Pass


25/06/2021 07:58:56.374 - [INFO] - temp_edit_status_006...Pass


25/06/2021 07:58:56.477 - [INFO] - temp_edit_status_007...Pass


25/06/2021 07:58:56.542 - [INFO] - temp_edit_status_008...Pass


25/06/2021 07:58:56.544 - [INFO] - Sheet number is 3 and goes by the name delete


25/06/2021 07:58:56.617 - [INFO] - delete_status_002...Pass


25/06/2021 07:58:56.691 - [INFO] - delete_status_003...Pass


25/06/2021 07:58:56.757 - [INFO] - delete_status_004...Pass


25/06/2021 07:58:56.788 - [INFO] - delete_status_005...Pass


25/06/2021 07:58:56.820 - [INFO] - delete_status_006...Pass


25/06/2021 07:58:56.886 - [INFO] - delete_status_007...Pass


25/06/2021 07:58:56.887 - [INFO] - Sheet number is 4 and goes by the name get


25/06/2021 07:58:56.926 - [INFO] - get_status_001...Pass


25/06/2021 07:58:56.960 - [INFO] - get_status_002...Pass


25/06/2021 07:58:56.996 - [INFO] - get_status_003...Pass


25/06/2021 07:58:57.027 - [INFO] - get_status_004...Pass


25/06/2021 07:58:57.028 - [INFO] - Sheet number is 5 and goes by the name getall


25/06/2021 07:58:57.069 - [INFO] - getall_status_002...Pass


25/06/2021 07:58:57.098 - [INFO] - getall_status_003...Pass


25/06/2021 07:58:57.127 - [INFO] - getall_status_004...Pass


25/06/2021 07:58:57.130 - [INFO] - Sheet number is 6 and goes by the name other_cases


25/06/2021 07:58:57.191 - [INFO] - temp_add_status_other_case_007...Pass


25/06/2021 07:58:57.230 - [INFO] - get_status_004...Pass


25/06/2021 07:58:57.538 - [INFO] - add_request_status_001...Pass


25/06/2021 07:58:57.624 - [INFO] - get_request_status_001...Pass


25/06/2021 07:58:57.699 - [INFO] - delete_request_status_007...Pass


25/06/2021 07:58:57.731 - [INFO] - add_request_status_002...Pass


25/06/2021 07:58:57.804 - [INFO] - get_request_status_002...Pass


25/06/2021 07:58:57.841 - [INFO] - get_status_005...Pass


25/06/2021 07:58:57.884 - [INFO] - temp_add_status_008...Pass


25/06/2021 07:58:57.934 - [INFO] - temp_add_status_009...Pass


25/06/2021 07:58:58.169 - [INFO] - add_request_status_003...Pass


25/06/2021 07:58:58.207 - [INFO] - add_request_status_004...Pass


25/06/2021 07:58:58.242 - [INFO] - add_request_status_005...Pass


25/06/2021 07:58:58.393 - [INFO] - edit_request_status_001...Pass


25/06/2021 07:58:58.456 - [INFO] - edit_request_status_002...Pass


25/06/2021 07:58:58.597 - [INFO] - edit_request_status_003...Pass


25/06/2021 07:58:58.666 - [INFO] - delete_status_008...Pass


25/06/2021 07:58:58.693 - [INFO] - 
*****Executing ESM_impact.xlsx*****


25/06/2021 07:58:58.693 - [INFO] - Sheet number is 1 and goes by the name add


25/06/2021 07:58:58.694 - [INFO] - ...0


25/06/2021 07:58:58.746 - [INFO] - add_impact_003...Pass


25/06/2021 07:58:58.801 - [INFO] - add_impact_004...Pass


25/06/2021 07:58:58.849 - [INFO] - add_impact_005...Pass


25/06/2021 07:58:58.885 - [INFO] - add_impact_006...Pass


25/06/2021 07:58:58.934 - [INFO] - temp_add_impact_002...Pass


25/06/2021 07:58:58.993 - [INFO] - temp_add_impact_003...Pass


25/06/2021 07:58:59.040 - [INFO] - temp_add_impact_004...Pass


25/06/2021 07:58:59.066 - [INFO] - temp_add_impact_005...Pass


25/06/2021 07:58:59.122 - [INFO] - temp_add_impact_006...Pass


25/06/2021 07:58:59.175 - [INFO] - temp_add_impact_007...Pass


25/06/2021 07:58:59.176 - [INFO] - Sheet number is 2 and goes by the name edit


25/06/2021 07:58:59.239 - [INFO] - temp_edit_impact_002...Pass


25/06/2021 07:58:59.310 - [INFO] - temp_edit_impact_003...Pass


25/06/2021 07:58:59.366 - [INFO] - temp_edit_impact_004...Pass


25/06/2021 07:58:59.395 - [INFO] - temp_edit_impact_005...Pass


25/06/2021 07:58:59.430 - [INFO] - temp_edit_impact_006...Pass


25/06/2021 07:58:59.463 - [INFO] - temp_edit_impact_007...Pass


25/06/2021 07:58:59.520 - [INFO] - temp_edit_impact_008...Pass


25/06/2021 07:58:59.521 - [INFO] - Sheet number is 3 and goes by the name delete


25/06/2021 07:58:59.587 - [INFO] - delete_impact_002...Pass


25/06/2021 07:58:59.656 - [INFO] - delete_impact_003...Pass


25/06/2021 07:58:59.721 - [INFO] - delete_impact_004...Pass


25/06/2021 07:58:59.750 - [INFO] - delete_impact_005...Pass


25/06/2021 07:58:59.782 - [INFO] - delete_impact_006...Pass


25/06/2021 07:58:59.843 - [INFO] - delete_impact_007...Pass


25/06/2021 07:58:59.844 - [INFO] - Sheet number is 4 and goes by the name get


25/06/2021 07:58:59.879 - [INFO] - get_impact_001...Pass


25/06/2021 07:58:59.913 - [INFO] - get_impact_002...Pass


25/06/2021 07:58:59.959 - [INFO] - get_impact_003...Pass


25/06/2021 07:58:59.991 - [INFO] - get_impact_004...Pass


25/06/2021 07:58:59.991 - [INFO] - Sheet number is 5 and goes by the name getall


25/06/2021 07:59:00.017 - [INFO] - getall_impact_002...Pass


25/06/2021 07:59:00.040 - [INFO] - getall_impact_003...Pass


25/06/2021 07:59:00.066 - [INFO] - getall_impact_004...Pass


25/06/2021 07:59:00.068 - [INFO] - Sheet number is 6 and goes by the name other_cases


25/06/2021 07:59:00.118 - [INFO] - temp_add_impact_007_1...Pass


25/06/2021 07:59:00.157 - [INFO] - get_impact_006...Pass


25/06/2021 07:59:00.301 - [INFO] - add_request_impact_001...Pass


25/06/2021 07:59:00.367 - [INFO] - get_request_impact_001...Pass


25/06/2021 07:59:00.430 - [INFO] - delete_request_impact_007_1...Pass


25/06/2021 07:59:00.460 - [INFO] - add_request_impact_002...Pass


25/06/2021 07:59:00.523 - [INFO] - get_request_impact_002...Pass


25/06/2021 07:59:00.555 - [INFO] - get_impact_007_1...Pass


25/06/2021 07:59:00.597 - [INFO] - temp_add_impact_008...Pass


25/06/2021 07:59:00.636 - [INFO] - temp_add_impact_009...Pass


25/06/2021 07:59:00.769 - [INFO] - add_request_impact_003...Pass


25/06/2021 07:59:00.809 - [INFO] - add_request_impact_004...Pass


25/06/2021 07:59:00.842 - [INFO] - add_request_impact_005...Pass


25/06/2021 07:59:00.985 - [INFO] - edit_request_impact_001...Pass


25/06/2021 07:59:01.059 - [INFO] - edit_request_impact_002...Pass


25/06/2021 07:59:01.193 - [INFO] - edit_request_impact_003...Pass


25/06/2021 07:59:01.259 - [INFO] - delete_impact_008...Pass


25/06/2021 07:59:01.281 - [INFO] - 
*****Executing ESM_level.xlsx*****


25/06/2021 07:59:01.281 - [INFO] - Sheet number is 1 and goes by the name add


25/06/2021 07:59:01.283 - [INFO] - ...0


25/06/2021 07:59:01.333 - [INFO] - add_level_003...Pass


25/06/2021 07:59:01.380 - [INFO] - add_level_004...Pass


25/06/2021 07:59:01.426 - [INFO] - add_level_005...Pass


25/06/2021 07:59:01.451 - [INFO] - add_level_006...Pass


25/06/2021 07:59:01.497 - [INFO] - temp_add_level_002...Pass


25/06/2021 07:59:01.544 - [INFO] - temp_add_level_003...Pass


25/06/2021 07:59:01.591 - [INFO] - temp_add_level_004...Pass


25/06/2021 07:59:01.617 - [INFO] - temp_add_level_005...Pass


25/06/2021 07:59:01.663 - [INFO] - temp_add_level_006...Pass


25/06/2021 07:59:01.711 - [INFO] - temp_add_level_007...Pass


25/06/2021 07:59:01.712 - [INFO] - Sheet number is 2 and goes by the name edit


25/06/2021 07:59:01.769 - [INFO] - temp_edit_level_002...Pass


25/06/2021 07:59:01.824 - [INFO] - temp_edit_level_003...Pass


25/06/2021 07:59:01.879 - [INFO] - temp_edit_level_004...Pass


25/06/2021 07:59:01.910 - [INFO] - temp_edit_level_005...Pass


25/06/2021 07:59:01.966 - [INFO] - temp_edit_level_006...Pass


25/06/2021 07:59:02.003 - [INFO] - temp_edit_level_007...Pass


25/06/2021 07:59:02.058 - [INFO] - temp_edit_level_008...Pass


25/06/2021 07:59:02.059 - [INFO] - Sheet number is 3 and goes by the name delete


25/06/2021 07:59:02.125 - [INFO] - delete_level_002...Pass


25/06/2021 07:59:02.182 - [INFO] - delete_level_003...Pass


25/06/2021 07:59:02.240 - [INFO] - delete_level_004...Pass


25/06/2021 07:59:02.269 - [INFO] - delete_level_005...Pass


25/06/2021 07:59:02.298 - [INFO] - delete_level_006...Pass


25/06/2021 07:59:02.354 - [INFO] - delete_level_007...Pass


25/06/2021 07:59:02.355 - [INFO] - Sheet number is 4 and goes by the name get


25/06/2021 07:59:02.400 - [INFO] - get_level_001...Pass


25/06/2021 07:59:02.429 - [INFO] - get_level_002...Pass


25/06/2021 07:59:02.462 - [INFO] - get_level_003...Pass


25/06/2021 07:59:02.495 - [INFO] - get_level_004...Pass


25/06/2021 07:59:02.496 - [INFO] - Sheet number is 5 and goes by the name getall


25/06/2021 07:59:02.521 - [INFO] - getall_level_002...Pass


25/06/2021 07:59:02.543 - [INFO] - getall_level_003...Pass


25/06/2021 07:59:02.567 - [INFO] - getall_level_004...Pass


25/06/2021 07:59:02.568 - [INFO] - Sheet number is 6 and goes by the name other_cases


25/06/2021 07:59:02.616 - [INFO] - temp_add_level_007_1...Pass


25/06/2021 07:59:02.653 - [INFO] - get_level_006...Pass


25/06/2021 07:59:02.801 - [INFO] - add_request_level_001...Pass


25/06/2021 07:59:02.880 - [INFO] - get_request_level_001...Pass


25/06/2021 07:59:02.941 - [INFO] - delete_request_level_007_1...Pass


25/06/2021 07:59:02.980 - [INFO] - add_request_level_002...Pass


25/06/2021 07:59:03.041 - [INFO] - get_request_level_002...Pass


25/06/2021 07:59:03.073 - [INFO] - get_level_007_1...Pass


25/06/2021 07:59:03.112 - [INFO] - temp_add_level_008...Pass


25/06/2021 07:59:03.151 - [INFO] - temp_add_level_009...Pass


25/06/2021 07:59:03.292 - [INFO] - add_request_level_003...Pass


25/06/2021 07:59:03.339 - [INFO] - add_request_level_004...Pass


25/06/2021 07:59:03.393 - [INFO] - add_request_level_005...Pass


25/06/2021 07:59:03.537 - [INFO] - edit_request_level_001...Pass


25/06/2021 07:59:03.613 - [INFO] - edit_request_level_002...Pass


25/06/2021 07:59:03.757 - [INFO] - edit_request_level_003...Pass


25/06/2021 07:59:03.812 - [INFO] - delete_level_008...Pass


25/06/2021 07:59:03.835 - [INFO] - 
*****Executing ESM_mode.xlsx*****


25/06/2021 07:59:03.835 - [INFO] - Sheet number is 1 and goes by the name add


25/06/2021 07:59:03.837 - [INFO] - ...0


25/06/2021 07:59:03.883 - [INFO] - add_mode_003...Pass


25/06/2021 07:59:03.928 - [INFO] - add_mode_004...Pass


25/06/2021 07:59:03.972 - [INFO] - add_mode_005...Pass


25/06/2021 07:59:03.996 - [INFO] - add_mode_006...Pass


25/06/2021 07:59:04.041 - [INFO] - temp_add_mode_002...Pass


25/06/2021 07:59:04.087 - [INFO] - temp_add_mode_003...Pass


25/06/2021 07:59:04.133 - [INFO] - temp_add_mode_004...Pass


25/06/2021 07:59:04.158 - [INFO] - temp_add_mode_005...Pass


25/06/2021 07:59:04.203 - [INFO] - temp_add_mode_006...Pass


25/06/2021 07:59:04.244 - [INFO] - temp_add_mode_007...Pass


25/06/2021 07:59:04.245 - [INFO] - Sheet number is 2 and goes by the name edit


25/06/2021 07:59:04.301 - [INFO] - temp_edit_mode_002...Pass


25/06/2021 07:59:04.353 - [INFO] - temp_edit_mode_003...Pass


25/06/2021 07:59:04.407 - [INFO] - temp_edit_mode_004...Pass


25/06/2021 07:59:04.434 - [INFO] - temp_edit_mode_005...Pass


25/06/2021 07:59:04.467 - [INFO] - temp_edit_mode_006...Pass


25/06/2021 07:59:04.508 - [INFO] - temp_edit_mode_007...Pass


25/06/2021 07:59:04.567 - [INFO] - temp_edit_mode_008...Pass


25/06/2021 07:59:04.568 - [INFO] - Sheet number is 3 and goes by the name delete


25/06/2021 07:59:04.625 - [INFO] - delete_mode_002...Pass


25/06/2021 07:59:04.678 - [INFO] - delete_mode_003...Pass


25/06/2021 07:59:04.731 - [INFO] - delete_mode_004...Pass


25/06/2021 07:59:04.757 - [INFO] - delete_mode_005...Pass


25/06/2021 07:59:04.785 - [INFO] - delete_mode_006...Pass


25/06/2021 07:59:04.836 - [INFO] - delete_mode_007...Pass


25/06/2021 07:59:04.836 - [INFO] - Sheet number is 4 and goes by the name get


25/06/2021 07:59:04.867 - [INFO] - get_mode_001...Pass


25/06/2021 07:59:04.896 - [INFO] - get_mode_002...Pass


25/06/2021 07:59:04.926 - [INFO] - get_mode_003...Pass


25/06/2021 07:59:04.957 - [INFO] - get_mode_004...Pass


25/06/2021 07:59:04.957 - [INFO] - Sheet number is 5 and goes by the name getall


25/06/2021 07:59:04.981 - [INFO] - getall_mode_002...Pass


25/06/2021 07:59:05.003 - [INFO] - getall_mode_003...Pass


25/06/2021 07:59:05.027 - [INFO] - getall_mode_004...Pass


25/06/2021 07:59:05.028 - [INFO] - Sheet number is 6 and goes by the name other_cases


25/06/2021 07:59:05.072 - [INFO] - temp_add_mode_007_1...Pass


25/06/2021 07:59:05.103 - [INFO] - get_mode_006...Pass


25/06/2021 07:59:05.246 - [INFO] - add_request_mode_001...Pass


25/06/2021 07:59:05.310 - [INFO] - get_request_mode_001...Pass


25/06/2021 07:59:05.367 - [INFO] - delete_request_mode_007_1...Pass


25/06/2021 07:59:05.402 - [INFO] - add_request_mode_002...Pass


25/06/2021 07:59:05.460 - [INFO] - get_request_mode_002...Pass


25/06/2021 07:59:05.490 - [INFO] - get_mode_007_1...Pass


25/06/2021 07:59:05.528 - [INFO] - temp_add_mode_008...Pass


25/06/2021 07:59:05.567 - [INFO] - temp_add_mode_009...Pass


25/06/2021 07:59:05.707 - [INFO] - add_request_mode_003...Pass


25/06/2021 07:59:05.750 - [INFO] - add_request_mode_004...Pass


25/06/2021 07:59:05.788 - [INFO] - add_request_mode_005...Pass


25/06/2021 07:59:05.915 - [INFO] - edit_request_mode_001...Pass


25/06/2021 07:59:05.985 - [INFO] - edit_request_mode_002...Pass


25/06/2021 07:59:06.118 - [INFO] - edit_request_mode_003...Pass


25/06/2021 07:59:06.174 - [INFO] - delete_mode_008...Pass


25/06/2021 07:59:06.197 - [INFO] - 
*****Executing ESM_priority.xlsx*****


25/06/2021 07:59:06.197 - [INFO] - Sheet number is 1 and goes by the name add


25/06/2021 07:59:06.198 - [INFO] - ...0


25/06/2021 07:59:06.245 - [INFO] - add_priority_003...Pass


25/06/2021 07:59:06.291 - [INFO] - add_priority_004...Pass


25/06/2021 07:59:06.336 - [INFO] - add_priority_005...Pass


25/06/2021 07:59:06.363 - [INFO] - add_priority_006...Pass


25/06/2021 07:59:06.408 - [INFO] - temp_add_priority_002...Pass


25/06/2021 07:59:06.451 - [INFO] - temp_add_priority_003...Pass


25/06/2021 07:59:06.496 - [INFO] - temp_add_priority_004...Pass


25/06/2021 07:59:06.518 - [INFO] - temp_add_priority_005...Pass


25/06/2021 07:59:06.564 - [INFO] - temp_add_priority_006...Pass


25/06/2021 07:59:06.610 - [INFO] - temp_add_priority_007...Pass


25/06/2021 07:59:06.610 - [INFO] - Sheet number is 2 and goes by the name edit


25/06/2021 07:59:06.675 - [INFO] - temp_edit_priority_002...Pass


25/06/2021 07:59:06.728 - [INFO] - temp_edit_priority_003...Pass


25/06/2021 07:59:06.781 - [INFO] - temp_edit_priority_004...Pass


25/06/2021 07:59:06.811 - [INFO] - temp_edit_priority_005...Pass


25/06/2021 07:59:06.844 - [INFO] - temp_edit_priority_006...Pass


25/06/2021 07:59:06.876 - [INFO] - temp_edit_priority_007...Pass


25/06/2021 07:59:06.931 - [INFO] - temp_edit_priority_008...Pass


25/06/2021 07:59:06.932 - [INFO] - Sheet number is 3 and goes by the name delete


25/06/2021 07:59:07.001 - [INFO] - delete_priority_002...Pass


25/06/2021 07:59:07.062 - [INFO] - delete_priority_003...Pass


25/06/2021 07:59:07.125 - [INFO] - delete_priority_004...Pass


25/06/2021 07:59:07.152 - [INFO] - delete_priority_005...Pass


25/06/2021 07:59:07.180 - [INFO] - delete_priority_006...Pass


25/06/2021 07:59:07.245 - [INFO] - delete_priority_007...Pass


25/06/2021 07:59:07.246 - [INFO] - Sheet number is 4 and goes by the name get


25/06/2021 07:59:07.277 - [INFO] - get_priority_001...Pass


25/06/2021 07:59:07.304 - [INFO] - get_priority_002...Pass


25/06/2021 07:59:07.335 - [INFO] - get_priority_003...Pass


25/06/2021 07:59:07.365 - [INFO] - get_priority_004...Pass


25/06/2021 07:59:07.366 - [INFO] - Sheet number is 5 and goes by the name getall


25/06/2021 07:59:07.392 - [INFO] - getall_priority_002...Pass


25/06/2021 07:59:07.430 - [INFO] - getall_priority_003...Pass


25/06/2021 07:59:07.453 - [INFO] - getall_priority_004...Pass


25/06/2021 07:59:07.454 - [INFO] - Sheet number is 6 and goes by the name other_cases


25/06/2021 07:59:07.499 - [INFO] - temp_add_priority_007_1...Pass


25/06/2021 07:59:07.531 - [INFO] - get_priority_006...Pass


25/06/2021 07:59:07.674 - [INFO] - add_request_priority_001...Pass


25/06/2021 07:59:07.772 - [INFO] - get_request_priority_001...Pass


25/06/2021 07:59:07.843 - [INFO] - delete_request_priority_007_1...Pass


25/06/2021 07:59:07.882 - [INFO] - add_request_priority_002...Pass


25/06/2021 07:59:07.942 - [INFO] - get_request_priority_002...Pass


25/06/2021 07:59:07.973 - [INFO] - get_priority_007_1...Pass


25/06/2021 07:59:08.015 - [INFO] - temp_add_priority_008...Pass


25/06/2021 07:59:08.055 - [INFO] - temp_add_priority_009...Pass


25/06/2021 07:59:08.194 - [INFO] - add_request_priority_003...Pass


25/06/2021 07:59:08.234 - [INFO] - add_request_priority_004...Pass


25/06/2021 07:59:08.276 - [INFO] - add_request_priority_005...Pass


25/06/2021 07:59:08.405 - [INFO] - edit_request_priority_001...Pass


25/06/2021 07:59:08.463 - [INFO] - edit_request_priority_002...Pass


25/06/2021 07:59:08.584 - [INFO] - edit_request_priority_003...Pass


25/06/2021 07:59:08.648 - [INFO] - delete_priority_008...Pass


25/06/2021 07:59:08.667 - [INFO] - 
*****Executing ESM_urgency.xlsx*****


25/06/2021 07:59:08.667 - [INFO] - Sheet number is 1 and goes by the name add


25/06/2021 07:59:08.668 - [INFO] - ...0


25/06/2021 07:59:08.716 - [INFO] - add_urgency_003...Pass


25/06/2021 07:59:08.761 - [INFO] - add_urgency_004...Pass


25/06/2021 07:59:08.807 - [INFO] - add_urgency_005...Pass


25/06/2021 07:59:08.831 - [INFO] - add_urgency_006...Pass


25/06/2021 07:59:08.877 - [INFO] - temp_add_urgency_002...Pass


25/06/2021 07:59:08.924 - [INFO] - temp_add_urgency_003...Pass


25/06/2021 07:59:08.970 - [INFO] - temp_add_urgency_004...Pass


25/06/2021 07:59:08.992 - [INFO] - temp_add_urgency_005...Pass


25/06/2021 07:59:09.036 - [INFO] - temp_add_urgency_006...Pass


25/06/2021 07:59:09.080 - [INFO] - temp_add_urgency_007...Pass


25/06/2021 07:59:09.081 - [INFO] - Sheet number is 2 and goes by the name edit


25/06/2021 07:59:09.132 - [INFO] - temp_edit_urgency_002...Pass


25/06/2021 07:59:09.191 - [INFO] - temp_edit_urgency_003...Pass


25/06/2021 07:59:09.245 - [INFO] - temp_edit_urgency_004...Pass


25/06/2021 07:59:09.274 - [INFO] - temp_edit_urgency_005...Pass


25/06/2021 07:59:09.307 - [INFO] - temp_edit_urgency_006...Pass


25/06/2021 07:59:09.338 - [INFO] - temp_edit_urgency_007...Pass


25/06/2021 07:59:09.391 - [INFO] - temp_edit_urgency_008...Pass


25/06/2021 07:59:09.391 - [INFO] - Sheet number is 3 and goes by the name delete


25/06/2021 07:59:09.452 - [INFO] - delete_urgency_002...Pass


25/06/2021 07:59:09.512 - [INFO] - delete_urgency_003...Pass


25/06/2021 07:59:09.578 - [INFO] - delete_urgency_004...Pass


25/06/2021 07:59:09.604 - [INFO] - delete_urgency_005...Pass


25/06/2021 07:59:09.629 - [INFO] - delete_urgency_006...Pass


25/06/2021 07:59:09.695 - [INFO] - delete_urgency_007...Pass


25/06/2021 07:59:09.695 - [INFO] - Sheet number is 4 and goes by the name get


25/06/2021 07:59:09.725 - [INFO] - get_urgency_001...Pass


25/06/2021 07:59:09.752 - [INFO] - get_urgency_002...Pass


25/06/2021 07:59:09.782 - [INFO] - get_urgency_003...Pass


25/06/2021 07:59:09.811 - [INFO] - get_urgency_004...Pass


25/06/2021 07:59:09.812 - [INFO] - Sheet number is 5 and goes by the name getall


25/06/2021 07:59:09.834 - [INFO] - getall_urgency_002...Pass


25/06/2021 07:59:09.857 - [INFO] - getall_urgency_003...Pass


25/06/2021 07:59:09.879 - [INFO] - getall_urgency_004...Pass


25/06/2021 07:59:09.880 - [INFO] - Sheet number is 6 and goes by the name other_cases


25/06/2021 07:59:09.926 - [INFO] - temp_add_urgency_007_1...Pass


25/06/2021 07:59:09.958 - [INFO] - get_urgency_006...Pass


25/06/2021 07:59:10.099 - [INFO] - add_request_urgency_001...Pass


25/06/2021 07:59:10.167 - [INFO] - get_request_urgency_001...Pass


25/06/2021 07:59:10.228 - [INFO] - delete_request_urgency_007_1...Pass


25/06/2021 07:59:10.263 - [INFO] - add_request_urgency_002...Pass


25/06/2021 07:59:10.322 - [INFO] - get_request_urgency_002...Pass


25/06/2021 07:59:10.351 - [INFO] - get_urgency_007_1...Pass


25/06/2021 07:59:10.391 - [INFO] - temp_add_urgency_008...Pass


25/06/2021 07:59:10.443 - [INFO] - temp_add_urgency_009...Pass


25/06/2021 07:59:10.574 - [INFO] - add_request_urgency_003...Pass


25/06/2021 07:59:10.623 - [INFO] - add_request_urgency_004...Pass


25/06/2021 07:59:10.666 - [INFO] - add_request_urgency_005...Pass


25/06/2021 07:59:10.790 - [INFO] - edit_request_urgency_001...Pass


25/06/2021 07:59:10.848 - [INFO] - edit_request_urgency_002...Pass


25/06/2021 07:59:10.977 - [INFO] - edit_request_urgency_003...Pass


25/06/2021 07:59:11.057 - [INFO] - delete_urgency_008...Pass


25/06/2021 07:59:11.080 - [INFO] - 
*****Executing ESM_requesttype.xlsx*****


25/06/2021 07:59:11.080 - [INFO] - Sheet number is 1 and goes by the name add


25/06/2021 07:59:11.081 - [INFO] - ...0


25/06/2021 07:59:11.134 - [INFO] - add_requesttype_003...Pass


25/06/2021 07:59:11.184 - [INFO] - add_requesttype_004...Pass


25/06/2021 07:59:11.231 - [INFO] - add_requesttype_005...Pass


25/06/2021 07:59:11.256 - [INFO] - add_requesttype_006...Pass


25/06/2021 07:59:11.304 - [INFO] - temp_add_requesttype_002...Pass


25/06/2021 07:59:11.347 - [INFO] - temp_add_requesttype_003...Pass


25/06/2021 07:59:11.391 - [INFO] - temp_add_requesttype_004...Pass


25/06/2021 07:59:11.415 - [INFO] - temp_add_requesttype_005...Pass


25/06/2021 07:59:11.460 - [INFO] - temp_add_requesttype_006...Pass


25/06/2021 07:59:11.504 - [INFO] - temp_add_requesttype_007...Pass


25/06/2021 07:59:11.505 - [INFO] - Sheet number is 2 and goes by the name edit


25/06/2021 07:59:11.559 - [INFO] - temp_edit_requesttype_002...Pass


25/06/2021 07:59:11.611 - [INFO] - temp_edit_requesttype_003...Pass


25/06/2021 07:59:11.662 - [INFO] - temp_edit_requesttype_004...Pass


25/06/2021 07:59:11.693 - [INFO] - temp_edit_requesttype_005...Pass


25/06/2021 07:59:11.724 - [INFO] - temp_edit_requesttype_006...Pass


25/06/2021 07:59:11.752 - [INFO] - temp_edit_requesttype_007...Pass


25/06/2021 07:59:11.818 - [INFO] - temp_edit_requesttype_008...Pass


25/06/2021 07:59:11.818 - [INFO] - Sheet number is 3 and goes by the name delete


25/06/2021 07:59:11.871 - [INFO] - delete_requesttype_002...Pass


25/06/2021 07:59:11.923 - [INFO] - delete_requesttype_003...Pass


25/06/2021 07:59:11.975 - [INFO] - delete_requesttype_004...Pass


25/06/2021 07:59:12.001 - [INFO] - delete_requesttype_005...Pass


25/06/2021 07:59:12.029 - [INFO] - delete_requesttype_006...Pass


25/06/2021 07:59:12.079 - [INFO] - delete_requesttype_007...Pass


25/06/2021 07:59:12.079 - [INFO] - Sheet number is 4 and goes by the name get


25/06/2021 07:59:12.109 - [INFO] - get_requesttype_001...Pass


25/06/2021 07:59:12.135 - [INFO] - get_requesttype_002...Pass


25/06/2021 07:59:12.165 - [INFO] - get_requesttype_003...Pass


25/06/2021 07:59:12.194 - [INFO] - get_requesttype_004...Pass


25/06/2021 07:59:12.195 - [INFO] - Sheet number is 5 and goes by the name getall


25/06/2021 07:59:12.217 - [INFO] - getall_requesttype_002...Pass


25/06/2021 07:59:12.240 - [INFO] - getall_requesttype_003...Pass


25/06/2021 07:59:12.264 - [INFO] - getall_requesttype_004...Pass


25/06/2021 07:59:12.265 - [INFO] - Sheet number is 6 and goes by the name other_cases


25/06/2021 07:59:12.308 - [INFO] - temp_add_requesttype_other_case_007...Pass


25/06/2021 07:59:12.338 - [INFO] - get_requesttype_006...Pass


25/06/2021 07:59:12.473 - [INFO] - add_request_requesttype_001...Pass


25/06/2021 07:59:12.537 - [INFO] - get_request_requesttype_001...Pass


25/06/2021 07:59:12.589 - [INFO] - delete_request_requesttype_007...Pass


25/06/2021 07:59:12.624 - [INFO] - add_request_requesttype_002...Pass


25/06/2021 07:59:12.682 - [INFO] - get_request_requesttype_002...Pass


25/06/2021 07:59:12.711 - [INFO] - get_requesttype_007...Pass


25/06/2021 07:59:12.752 - [INFO] - temp_add_requesttype_008...Pass


25/06/2021 07:59:12.790 - [INFO] - temp_add_requesttype_009...Pass


25/06/2021 07:59:12.928 - [INFO] - add_request_requesttype_003...Pass


25/06/2021 07:59:12.966 - [INFO] - add_request_requesttype_004...Pass


25/06/2021 07:59:13.007 - [INFO] - add_request_requesttype_005...Pass


25/06/2021 07:59:13.126 - [INFO] - edit_request_requesttype_001...Pass


25/06/2021 07:59:13.182 - [INFO] - edit_request_requesttype_002...Pass


25/06/2021 07:59:13.304 - [INFO] - edit_request_requesttype_003...Pass


25/06/2021 07:59:13.354 - [INFO] - delete_requesttype_008...Pass


25/06/2021 07:59:13.374 - [INFO] - 
*****Executing ESM_requestclosurecode.xlsx*****


25/06/2021 07:59:13.374 - [INFO] - Sheet number is 1 and goes by the name add


25/06/2021 07:59:13.375 - [INFO] - ...0


25/06/2021 07:59:13.415 - [INFO] - add_requestclosurecode_003...Pass


25/06/2021 07:59:13.453 - [INFO] - add_requestclosurecode_004...Pass


25/06/2021 07:59:13.491 - [INFO] - add_requestclosurecode_005...Pass


25/06/2021 07:59:13.513 - [INFO] - add_requestclosurecode_006...Pass


25/06/2021 07:59:13.551 - [INFO] - temp_add_requestclosurecode_002...Pass


25/06/2021 07:59:13.588 - [INFO] - temp_add_requestclosurecode_003...Pass


25/06/2021 07:59:13.629 - [INFO] - temp_add_requestclosurecode_004...Pass


25/06/2021 07:59:13.651 - [INFO] - temp_add_requestclosurecode_005...Pass


25/06/2021 07:59:13.695 - [INFO] - temp_add_requestclosurecode_006...Pass


25/06/2021 07:59:13.734 - [INFO] - temp_add_requestclosurecode_007...Pass


25/06/2021 07:59:13.734 - [INFO] - Sheet number is 2 and goes by the name edit


25/06/2021 07:59:13.784 - [INFO] - temp_edit_requestclosurecode_002...Pass


25/06/2021 07:59:13.830 - [INFO] - temp_edit_requestclosurecode_003...Pass


25/06/2021 07:59:13.876 - [INFO] - temp_edit_requestclosurecode_004...Pass


25/06/2021 07:59:13.904 - [INFO] - temp_edit_requestclosurecode_005...Pass


25/06/2021 07:59:13.936 - [INFO] - temp_edit_requestclosurecode_006...Pass


25/06/2021 07:59:13.965 - [INFO] - temp_edit_requestclosurecode_007...Pass


25/06/2021 07:59:13.995 - [INFO] - temp_edit_requestclosurecode_008...Fail


25/06/2021 07:59:13.996 - [INFO] - Sheet number is 3 and goes by the name delete


25/06/2021 07:59:14.049 - [INFO] - delete_requestclosurecode_002...Pass


25/06/2021 07:59:14.097 - [INFO] - delete_requestclosurecode_003...Pass


25/06/2021 07:59:14.144 - [INFO] - delete_requestclosurecode_004...Pass


25/06/2021 07:59:14.171 - [INFO] - delete_requestclosurecode_005...Pass


25/06/2021 07:59:14.201 - [INFO] - delete_requestclosurecode_006...Pass


25/06/2021 07:59:14.248 - [INFO] - delete_requestclosurecode_007...Pass


25/06/2021 07:59:14.249 - [INFO] - Sheet number is 4 and goes by the name get


25/06/2021 07:59:14.279 - [INFO] - get_requestclosurecode_001...Pass


25/06/2021 07:59:14.304 - [INFO] - get_requestclosurecode_002...Pass


25/06/2021 07:59:14.333 - [INFO] - get_requestclosurecode_003...Pass


25/06/2021 07:59:14.361 - [INFO] - get_requestclosurecode_004...Pass


25/06/2021 07:59:14.362 - [INFO] - Sheet number is 5 and goes by the name getall


25/06/2021 07:59:14.386 - [INFO] - getall_requestclosurecode_002...Pass


25/06/2021 07:59:14.407 - [INFO] - getall_requestclosurecode_003...Pass


25/06/2021 07:59:14.432 - [INFO] - getall_requestclosurecode_004...Pass


25/06/2021 07:59:14.432 - [INFO] - Sheet number is 6 and goes by the name other_cases


25/06/2021 07:59:14.473 - [INFO] - temp_add_requestclosurecode_007_1...Pass


25/06/2021 07:59:14.505 - [INFO] - get_requestclosurecode_006...Pass


25/06/2021 07:59:14.684 - [INFO] - add_request_requestclosurecode_001...Pass


25/06/2021 07:59:14.750 - [INFO] - get_request_requestclosurecode_001...Pass


25/06/2021 07:59:14.807 - [INFO] - delete_requestclosurecode_007_1...Pass


25/06/2021 07:59:14.839 - [INFO] - add_request_requestclosurecode_002...Pass


25/06/2021 07:59:14.896 - [INFO] - get_request_requestclosurecode_002...Pass


25/06/2021 07:59:14.927 - [INFO] - get_requestclosurecode_007_1...Pass


25/06/2021 07:59:14.961 - [INFO] - temp_add_requestclosurecode_008...Pass


25/06/2021 07:59:14.997 - [INFO] - temp_add_requestclosurecode_009...Pass


25/06/2021 07:59:15.178 - [INFO] - add_request_requestclosurecode_003...Pass


25/06/2021 07:59:15.220 - [INFO] - add_request_requestclosurecode_004...Pass


25/06/2021 07:59:15.252 - [INFO] - add_request_requestclosurecode_005...Pass


25/06/2021 07:59:15.388 - [INFO] - edit_request_requestclosurecode_001...Pass


25/06/2021 07:59:15.446 - [INFO] - edit_request_requestclosurecode_002...Pass


25/06/2021 07:59:15.569 - [INFO] - edit_request_requestclosurecode_003...Pass


25/06/2021 07:59:15.619 - [INFO] - delete_requestclosurecode_008...Pass


25/06/2021 07:59:15.637 - [INFO] - 
*****Executing ESM_csi.xlsx*****


25/06/2021 07:59:15.637 - [INFO] - Sheet number is 1 and goes by the name admin_category


25/06/2021 07:59:15.639 - [INFO] - ...0


25/06/2021 07:59:15.676 - [INFO] - add_category_004...Pass


25/06/2021 07:59:15.709 - [INFO] - add_category_005_0...Pass


25/06/2021 07:59:15.759 - [INFO] - add_category_005...Pass


25/06/2021 07:59:15.785 - [INFO] - add_category_006...Pass


25/06/2021 07:59:15.828 - [INFO] - add_category_007...Pass


25/06/2021 07:59:15.881 - [INFO] - add_category_008...Pass


25/06/2021 07:59:15.903 - [INFO] - add_category_009...Pass


25/06/2021 07:59:15.945 - [INFO] - add_category_010...Pass


25/06/2021 07:59:15.969 - [INFO] - get_all_category_001...Pass


25/06/2021 07:59:16.003 - [INFO] - get_category_002...Pass


25/06/2021 07:59:16.036 - [INFO] - get_category_003...Pass


25/06/2021 07:59:16.072 - [INFO] - get_category_004...Pass


25/06/2021 07:59:16.121 - [INFO] - edit_category_002...Pass


25/06/2021 07:59:16.173 - [INFO] - edit_category_003...Pass


25/06/2021 07:59:16.227 - [INFO] - edit_category_004...Pass


25/06/2021 07:59:16.276 - [INFO] - temp_add_category_003...Pass


25/06/2021 07:59:16.320 - [INFO] - temp_add_category_004...Pass


25/06/2021 07:59:16.365 - [INFO] - temp_add_category_005...Pass


25/06/2021 07:59:16.681 - [INFO] - add_csi_request_001...Pass


25/06/2021 07:59:16.747 - [INFO] - delete_category_002...Pass


25/06/2021 07:59:16.818 - [INFO] - delete_category_003...Pass


25/06/2021 07:59:16.882 - [INFO] - delete_category_004...Pass


25/06/2021 07:59:16.926 - [INFO] - temp_add_category_006...Pass


25/06/2021 07:59:16.978 - [INFO] - edit_category_005...Pass


25/06/2021 07:59:17.008 - [INFO] - get_category_005...Pass


25/06/2021 07:59:17.069 - [INFO] - delete_category_005...Pass


25/06/2021 07:59:17.123 - [INFO] - add_category_001...Pass


25/06/2021 07:59:17.124 - [INFO] - Sheet number is 2 and goes by the name admin_subcategory


25/06/2021 07:59:17.152 - [INFO] - add_subcategory_003...Pass


25/06/2021 07:59:17.174 - [INFO] - add_subcategory_005...Pass


25/06/2021 07:59:17.226 - [INFO] - add_subcategory_006...Pass


25/06/2021 07:59:17.277 - [INFO] - add_subcategory_007...Pass


25/06/2021 07:59:17.336 - [INFO] - add_subcategory_008...Pass


25/06/2021 07:59:17.359 - [INFO] - get_all_subcategory_001...Pass


25/06/2021 07:59:17.393 - [INFO] - get_subcategory_002...Pass


25/06/2021 07:59:17.428 - [INFO] - get_subcategory_003...Pass


25/06/2021 07:59:17.463 - [INFO] - get_subcategory_004...Pass


25/06/2021 07:59:17.513 - [INFO] - temp_add_subcategory_003...Pass


25/06/2021 07:59:17.560 - [INFO] - temp_add_subcategory_004...Pass


25/06/2021 07:59:17.606 - [INFO] - temp_add_subcategory_005...Pass


25/06/2021 07:59:17.809 - [INFO] - add_csi_request_002...Pass


25/06/2021 07:59:17.918 - [INFO] - edit_subcategory_002...Pass


25/06/2021 07:59:17.986 - [INFO] - edit_subcategory_003...Pass


25/06/2021 07:59:18.054 - [INFO] - edit_subcategory_004...Pass


25/06/2021 07:59:18.114 - [INFO] - get_request_001...Pass


25/06/2021 07:59:18.181 - [INFO] - delete_subcategory_002...Pass


25/06/2021 07:59:18.244 - [INFO] - delete_subcategory_003...Pass


25/06/2021 07:59:18.305 - [INFO] - delete_subcategory_004...Pass


25/06/2021 07:59:18.353 - [INFO] - temp_add_subcategory_006...Pass


25/06/2021 07:59:18.383 - [INFO] - get_subcategory_004...Pass


25/06/2021 07:59:18.441 - [INFO] - edit_subcategory_005...Pass


25/06/2021 07:59:18.502 - [INFO] - delete_subcategory_005...Pass


25/06/2021 07:59:18.548 - [INFO] - add_subcategory_001...Pass


25/06/2021 07:59:18.549 - [INFO] - Sheet number is 3 and goes by the name admin_item


25/06/2021 07:59:18.577 - [INFO] - add_item_003...Pass


25/06/2021 07:59:18.600 - [INFO] - add_item_004...Pass


25/06/2021 07:59:18.648 - [INFO] - add_item_006...Pass


25/06/2021 07:59:18.703 - [INFO] - add_item_007...Pass


25/06/2021 07:59:18.761 - [INFO] - add_item_008...Pass


25/06/2021 07:59:18.785 - [INFO] - get_all_items_001...Pass


25/06/2021 07:59:18.818 - [INFO] - get_item_002...Pass


25/06/2021 07:59:18.850 - [INFO] - get_item_003...Pass


25/06/2021 07:59:18.882 - [INFO] - get_item_004...Pass


25/06/2021 07:59:18.935 - [INFO] - temp_add_item_003...Pass


25/06/2021 07:59:18.988 - [INFO] - temp_add_item_004...Pass


25/06/2021 07:59:19.040 - [INFO] - temp_add_item_005...Pass


25/06/2021 07:59:19.091 - [INFO] - edit_item_002...Pass


25/06/2021 07:59:19.142 - [INFO] - edit_item_003...Pass


25/06/2021 07:59:19.197 - [INFO] - edit_item_004...Pass


25/06/2021 07:59:19.255 - [INFO] - delete_item_002...Pass


25/06/2021 07:59:19.312 - [INFO] - delete_item_003...Pass


25/06/2021 07:59:19.370 - [INFO] - delete_item_004...Pass


25/06/2021 07:59:19.416 - [INFO] - temp_add_item_006...Pass


25/06/2021 07:59:19.444 - [INFO] - get_item_005...Pass


25/06/2021 07:59:19.502 - [INFO] - edit_item_005...Pass


25/06/2021 07:59:19.560 - [INFO] - delete_item_005...Pass


25/06/2021 07:59:19.570 - [INFO] - 
*****Executing ESM_resolution_template.xlsx*****


25/06/2021 07:59:19.570 - [INFO] - Sheet number is 1 and goes by the name admin_resolution_template


25/06/2021 07:59:19.571 - [INFO] - ...0


25/06/2021 07:59:19.589 - [INFO] - add_template_003...Pass


25/06/2021 07:59:19.638 - [INFO] - add_template_005...Pass


25/06/2021 07:59:19.699 - [INFO] - add_template_006...Pass


25/06/2021 07:59:19.760 - [INFO] - add_template_007...Pass


25/06/2021 07:59:19.796 - [INFO] - get_template_002...Pass


25/06/2021 07:59:19.834 - [INFO] - get_template_003...Pass


25/06/2021 07:59:19.869 - [INFO] - get_template_004...Pass


25/06/2021 07:59:19.920 - [INFO] - edit_template_002...Pass


25/06/2021 07:59:19.968 - [INFO] - edit_template_003...Pass


25/06/2021 07:59:20.012 - [INFO] - edit_template_004...Pass


25/06/2021 07:59:20.057 - [INFO] - delete_template_002...Pass


25/06/2021 07:59:20.101 - [INFO] - delete_template_003...Pass


25/06/2021 07:59:20.147 - [INFO] - delete_template_004...Pass


25/06/2021 07:59:20.194 - [INFO] - add_template_008...Pass


25/06/2021 07:59:20.226 - [INFO] - get_template_005...Pass


25/06/2021 07:59:20.278 - [INFO] - edit_template_005...Pass


25/06/2021 07:59:20.327 - [INFO] - delete_template_005...Pass


25/06/2021 07:59:20.359 - [INFO] - get_template_006...Pass


25/06/2021 07:59:20.378 - [INFO] - 
*****Executing get_all_api_test_cases_portal_specific.xlsx*****


25/06/2021 07:59:20.378 - [INFO] - Sheet number is 1 and goes by the name add_requests


25/06/2021 07:59:20.378 - [INFO] - ...0


25/06/2021 07:59:20.534 - [INFO] - SDP_GETALL_PORTAL_ADD_REQUEST_2...Pass


25/06/2021 07:59:20.710 - [INFO] - SDP_GETALL_PORTAL_ADD_REQUEST_3...Pass


25/06/2021 07:59:20.898 - [INFO] - SDP_GETALL_PORTAL_ADD_REQUEST_4...Pass


25/06/2021 07:59:21.077 - [INFO] - SDP_GETALL_PORTAL_ADD_REQUEST_5...Pass


25/06/2021 07:59:21.309 - [INFO] - SDP_GETALL_PORTAL_ADD_REQUEST_6...Pass


25/06/2021 07:59:21.489 - [INFO] - SDP_GETALL_PORTAL_ADD_REQUEST_7...Pass


25/06/2021 07:59:21.645 - [INFO] - SDP_GETALL_PORTAL_ADD_REQUEST_8...Pass


25/06/2021 07:59:21.853 - [INFO] - SDP_GETALL_PORTAL_ADD_REQUEST_9...Pass


25/06/2021 07:59:22.043 - [INFO] - SDP_GETALL_PORTAL_ADD_REQUEST_10...Pass


25/06/2021 07:59:22.221 - [INFO] - SDP_GETALL_PORTAL_ADD_REQUEST_11...Pass


25/06/2021 07:59:22.411 - [INFO] - SDP_GETALL_PORTAL_ADD_REQUEST_12...Pass


25/06/2021 07:59:22.469 - [INFO] - SDP_GETALL_PORTAL_EDIT_REQUEST_1...Pass


25/06/2021 07:59:22.625 - [INFO] - SDP_GETALL_PORTAL_ADD_REQUEST_13...Pass


25/06/2021 07:59:22.666 - [INFO] - SDP_GETALL_PORTAL_EDIT_REQUEST_2...Pass


25/06/2021 07:59:22.815 - [INFO] - SDP_GETALL_PORTAL_ADD_REQUEST_14...Pass


25/06/2021 07:59:23.000 - [INFO] - SDP_GETALL_PORTAL_ADD_REQUEST_15...Pass


25/06/2021 07:59:23.005 - [INFO] - Sheet number is 2 and goes by the name get_all_portal_HR


25/06/2021 07:59:23.057 - [INFO] - SDP_GETALL_HR_1...Pass


25/06/2021 07:59:23.095 - [INFO] - SDP_GETALL_HR_5...Pass


25/06/2021 07:59:23.132 - [INFO] - SDP_GETALL_HR_6...Pass


25/06/2021 07:59:23.156 - [INFO] - SDP_GETALL_HR_7...Pass


25/06/2021 07:59:23.184 - [INFO] - SDP_GETALL_HR_8...Pass


25/06/2021 07:59:23.212 - [INFO] - SDP_GETALL_HR_9...Pass


25/06/2021 07:59:23.238 - [INFO] - SDP_GETALL_HR_10...Pass


25/06/2021 07:59:23.267 - [INFO] - SDP_GETALL_HR_11...Pass


25/06/2021 07:59:23.300 - [INFO] - SDP_GETALL_HR_12...Pass


25/06/2021 07:59:23.335 - [INFO] - SDP_GETALL_HR_13...Pass


25/06/2021 07:59:23.363 - [INFO] - SDP_GETALL_HR_14...Pass


25/06/2021 07:59:23.390 - [INFO] - SDP_GETALL_HR_15...Pass


25/06/2021 07:59:23.415 - [INFO] - SDP_GETALL_HR_16...Pass


25/06/2021 07:59:23.472 - [INFO] - SDP_GETALL_HR_17...Pass


25/06/2021 07:59:23.498 - [INFO] - SDP_GETALL_HR_18...Pass


25/06/2021 07:59:23.533 - [INFO] - SDP_GETALL_HR_19...Pass


25/06/2021 07:59:23.558 - [INFO] - SDP_GETALL_HR_20...Pass


25/06/2021 07:59:23.583 - [INFO] - SDP_GETALL_HR_21...Pass


25/06/2021 07:59:23.607 - [INFO] - SDP_GETALL_HR_22...Pass


25/06/2021 07:59:23.635 - [INFO] - SDP_GETALL_HR_23...Pass


25/06/2021 07:59:23.680 - [INFO] - SDP_GETALL_HR_24...Pass


25/06/2021 07:59:23.707 - [INFO] - SDP_GETALL_HR_25...Pass


25/06/2021 07:59:23.707 - [WARNING] - Error found in testcase : SDP_GETALL_HR_26


25/06/2021 07:59:23.707 - [SEVERE] - 
com.zoho.automater.testcasegeneration.db.HsqlDB.addResultRowInDB(HsqlDB.java:182)
com.zoho.automater.testcaserun.framework.XlsxParser.runTestCase(XlsxParser.java:78)
com.zoho.automater.testcaserun.framework.XlsxParser.readXlsx(XlsxParser.java:46)
com.zoho.automater.testcaserun.runner.Runner.initRun(Runner.java:40)
com.zoho.automater.testcaserun.runner.Runner.runXlsxFile(Runner.java:70)
com.zoho.automater.testcaserun.runner.Runner.main(Runner.java:56)


25/06/2021 07:59:23.707 - [INFO] - SDP_GETALL_HR_26...Reference-Error


25/06/2021 07:59:23.738 - [INFO] - SDP_GETALL_HR_27...Pass


25/06/2021 07:59:23.765 - [INFO] - SDP_GETALL_HR_28...Pass


25/06/2021 07:59:23.797 - [INFO] - SDP_GETALL_HR_29...Pass


25/06/2021 07:59:23.820 - [INFO] - SDP_GETALL_HR_30...Pass


25/06/2021 07:59:23.849 - [INFO] - SDP_GETALL_HR_31...Pass


25/06/2021 07:59:23.875 - [INFO] - SDP_GETALL_HR_33...Pass


25/06/2021 07:59:23.898 - [INFO] - SDP_GETALL_HR_34...Pass


25/06/2021 07:59:23.942 - [INFO] - SDP_GETALL_HR_35...Pass


25/06/2021 07:59:23.972 - [INFO] - SDP_GETALL_HR_36...Pass


25/06/2021 07:59:24.005 - [INFO] - SDP_GETALL_HR_37...Pass


25/06/2021 07:59:24.006 - [INFO] - Sheet number is 3 and goes by the name get_all_portal_Facilities


25/06/2021 07:59:24.043 - [INFO] - SDP_GETALL_FACILITIES_1...Pass


25/06/2021 07:59:24.071 - [INFO] - SDP_GETALL_FACILITIES_2...Pass


25/06/2021 07:59:24.100 - [INFO] - SDP_GETALL_FACILITIES_3...Pass


25/06/2021 07:59:24.131 - [INFO] - SDP_GETALL_FACILITIES_4...Pass


25/06/2021 07:59:24.175 - [INFO] - SDP_GETALL_FACILITIES_5...Pass


25/06/2021 07:59:24.210 - [INFO] - SDP_GETALL_FACILITIES_6...Pass


25/06/2021 07:59:24.232 - [INFO] - SDP_GETALL_FACILITIES_7...Pass


25/06/2021 07:59:24.258 - [INFO] - SDP_GETALL_FACILITIES_8...Pass


25/06/2021 07:59:24.285 - [INFO] - SDP_GETALL_FACILITIES_11...Pass


25/06/2021 07:59:24.319 - [INFO] - SDP_GETALL_FACILITIES_12...Pass


25/06/2021 07:59:24.358 - [INFO] - SDP_GETALL_FACILITIES_13...Pass


25/06/2021 07:59:24.381 - [INFO] - SDP_GETALL_FACILITIES_14...Pass


25/06/2021 07:59:24.410 - [INFO] - SDP_GETALL_FACILITIES_15...Pass


25/06/2021 07:59:24.443 - [INFO] - SDP_GETALL_FACILITIES_16...Pass


25/06/2021 07:59:24.473 - [INFO] - SDP_GETALL_FACILITIES_17...Pass


25/06/2021 07:59:24.499 - [INFO] - SDP_GETALL_FACILITIES_18...Pass


25/06/2021 07:59:24.524 - [INFO] - SDP_GETALL_FACILITIES_19...Pass


25/06/2021 07:59:24.548 - [INFO] - SDP_GETALL_FACILITIES_20...Pass


25/06/2021 07:59:24.571 - [INFO] - SDP_GETALL_FACILITIES_22...Pass


25/06/2021 07:59:24.605 - [INFO] - SDP_GETALL_FACILITIES_23...Pass


25/06/2021 07:59:24.638 - [INFO] - SDP_GETALL_FACILITIES_24...Pass


25/06/2021 07:59:24.660 - [INFO] - SDP_GETALL_FACILITIES_25...Pass


25/06/2021 07:59:24.694 - [INFO] - SDP_GETALL_FACILITIES_26...Pass


25/06/2021 07:59:24.725 - [INFO] - SDP_GETALL_FACILITIES_27...Pass


25/06/2021 07:59:24.758 - [INFO] - SDP_GETALL_FACILITIES_28...Pass


25/06/2021 07:59:24.759 - [INFO] - Sheet number is 4 and goes by the name get_all_other_portals


25/06/2021 07:59:24.790 - [INFO] - SDP_GETALL_OTHERS_1...Pass


25/06/2021 07:59:24.822 - [INFO] - SDP_GETALL_OTHERS_2...Pass


25/06/2021 07:59:24.859 - [INFO] - SDP_GETALL_OTHERS_3...Pass


25/06/2021 07:59:24.893 - [INFO] - SDP_GETALL_OTHERS_4...Pass


25/06/2021 07:59:24.923 - [INFO] - SDP_GETALL_OTHERS_5...Pass


25/06/2021 07:59:24.957 - [INFO] - SDP_GETALL_OTHERS_6...Pass


25/06/2021 07:59:24.957 - [INFO] - Sheet number is 5 and goes by the name delete_requests


25/06/2021 07:59:25.075 - [INFO] - SDP_GETALL_PORTAL_DEL_REQUEST_2...Pass


25/06/2021 07:59:25.176 - [INFO] - SDP_GETALL_PORTAL_DEL_REQUEST_3...Pass


25/06/2021 07:59:25.274 - [INFO] - SDP_GETALL_PORTAL_DEL_REQUEST_4...Pass


25/06/2021 07:59:25.375 - [INFO] - SDP_GETALL_PORTAL_DEL_REQUEST_5...Pass


25/06/2021 07:59:25.474 - [INFO] - SDP_GETALL_PORTAL_DEL_REQUEST_6...Pass


25/06/2021 07:59:25.580 - [INFO] - SDP_GETALL_PORTAL_DEL_REQUEST_7...Pass


25/06/2021 07:59:25.685 - [INFO] - SDP_GETALL_PORTAL_DEL_REQUEST_8...Pass


25/06/2021 07:59:25.795 - [INFO] - SDP_GETALL_PORTAL_DEL_REQUEST_9...Pass


25/06/2021 07:59:25.891 - [INFO] - SDP_GETALL_PORTAL_DEL_REQUEST_10...Pass


25/06/2021 07:59:25.985 - [INFO] - SDP_GETALL_PORTAL_DEL_REQUEST_11...Pass


25/06/2021 07:59:26.084 - [INFO] - SDP_GETALL_PORTAL_DEL_REQUEST_12...Pass


25/06/2021 07:59:26.177 - [INFO] - SDP_GETALL_PORTAL_DEL_REQUEST_13...Pass


25/06/2021 07:59:26.270 - [INFO] - SDP_GETALL_PORTAL_DEL_REQUEST_14...Pass


25/06/2021 07:59:26.360 - [INFO] - SDP_GETALL_PORTAL_DEL_REQUEST_15...Pass


25/06/2021 07:59:26.361 - [INFO] - Sheet number is 6 and goes by the name get_all_delete_check


25/06/2021 07:59:26.392 - [INFO] - SDP_GETALL_DEL_CHECK_1...Pass


25/06/2021 07:59:26.424 - [INFO] - SDP_GETALL_DEL_CHECK_2...Pass


25/06/2021 07:59:26.450 - [INFO] - SDP_GETALL_DEL_CHECK_3...Pass


25/06/2021 07:59:26.481 - [INFO] - SDP_GETALL_DEL_CHECK_4...Pass


25/06/2021 07:59:26.492 - [INFO] - 
*****Executing ESM_RequestScenarios.xlsx*****


25/06/2021 07:59:26.492 - [INFO] - Sheet number is 1 and goes by the name Request


25/06/2021 07:59:26.493 - [INFO] - ...0


25/06/2021 07:59:26.634 - [INFO] - Add_crud_req_001...Pass


25/06/2021 07:59:26.782 - [INFO] - Edit_crud_req_001...Pass


25/06/2021 07:59:26.835 - [INFO] - Get_crud_req_001...Pass


25/06/2021 07:59:26.926 - [INFO] - Trash_crud_req_001...Pass


25/06/2021 07:59:27.099 - [INFO] - Del_crud_req_001...Pass


25/06/2021 07:59:27.241 - [INFO] - Add_crud_req_002...Pass


25/06/2021 07:59:27.397 - [INFO] - Edit_crud_req_002...Pass


25/06/2021 07:59:27.465 - [INFO] - Get_crud_req_002...Pass


25/06/2021 07:59:27.559 - [INFO] - Trash_crud_req_002...Pass


25/06/2021 07:59:27.717 - [INFO] - Del_crud_req_002...Pass


25/06/2021 07:59:28.176 - [INFO] - Add_user_001...Pass


25/06/2021 07:59:28.284 - [INFO] - Change_tech_001...Pass


25/06/2021 07:59:28.509 - [INFO] - Add_crud_req_003...Pass


25/06/2021 07:59:28.697 - [INFO] - Change_user_001...Pass


25/06/2021 07:59:28.834 - [INFO] - Edit_crud_req_003...Pass


25/06/2021 07:59:28.891 - [INFO] - Get_crud_req_003...Pass


25/06/2021 07:59:28.987 - [INFO] - Trash_crud_req_003...Pass


25/06/2021 07:59:29.133 - [INFO] - Del_crud_req_003...Pass


25/06/2021 07:59:29.582 - [INFO] - Add_user_002...Pass


25/06/2021 07:59:29.845 - [INFO] - Add_crud_req_004...Pass


25/06/2021 07:59:29.989 - [INFO] - Edit_crud_req_004...Pass


25/06/2021 07:59:30.917 - [INFO] - delete_user_002...Pass


25/06/2021 07:59:30.987 - [INFO] - Get_crud_req_004...Pass


25/06/2021 07:59:31.082 - [INFO] - Trash_crud_req_004...Pass


25/06/2021 07:59:31.248 - [INFO] - Del_crud_req_004...Pass


25/06/2021 07:59:31.281 - [INFO] - Get_crud_req_005...Pass


25/06/2021 07:59:31.315 - [INFO] - Get_crud_req_006...Pass


25/06/2021 07:59:31.345 - [INFO] - Get_crud_req_007...Pass
